[0319/165043.434:INFO:CONSOLE(723)] "Uncaught ReferenceError: play is not defined", source: https://tpc.googlesyndication.com/sadbundle/$csp%3Der3%26dns%3Doff$/14985307855921263592/BanICMarkets_728x90_290517.js (723)
[0319/165044.692:INFO:CONSOLE(723)] "Uncaught ReferenceError: play is not defined", source: https://tpc.googlesyndication.com/sadbundle/$csp%3Der3%26dns%3Doff$/14985307855921263592/BanICMarkets_728x90_290517.js (723)
[0319/165045.993:INFO:CONSOLE(723)] "Uncaught ReferenceError: play is not defined", source: https://tpc.googlesyndication.com/sadbundle/$csp%3Der3%26dns%3Doff$/14985307855921263592/BanICMarkets_728x90_290517.js (723)
[0319/165047.335:INFO:CONSOLE(723)] "Uncaught ReferenceError: play is not defined", source: https://tpc.googlesyndication.com/sadbundle/$csp%3Der3%26dns%3Doff$/14985307855921263592/BanICMarkets_728x90_290517.js (723)
[0319/165048.611:INFO:CONSOLE(723)] "Uncaught ReferenceError: play is not defined", source: https://tpc.googlesyndication.com/sadbundle/$csp%3Der3%26dns%3Doff$/14985307855921263592/BanICMarkets_728x90_290517.js (723)
[0319/165049.890:INFO:CONSOLE(723)] "Uncaught ReferenceError: play is not defined", source: https://tpc.googlesyndication.com/sadbundle/$csp%3Der3%26dns%3Doff$/14985307855921263592/BanICMarkets_728x90_290517.js (723)
[0319/165051.460:INFO:CONSOLE(723)] "Uncaught ReferenceError: play is not defined", source: https://tpc.googlesyndication.com/sadbundle/$csp%3Der3%26dns%3Doff$/14985307855921263592/BanICMarkets_728x90_290517.js (723)
[0319/165052.002:INFO:CONSOLE(420)] "Uncaught ReferenceError: play is not defined", source: https://tpc.googlesyndication.com/sadbundle/$csp%3Der3%26dns%3Doff$/14985307855921263592/BanICMarkets_728x90_290517.js (420)
[0319/165052.772:INFO:CONSOLE(723)] "Uncaught ReferenceError: play is not defined", source: https://tpc.googlesyndication.com/sadbundle/$csp%3Der3%26dns%3Doff$/14985307855921263592/BanICMarkets_728x90_290517.js (723)
[0319/165053.385:INFO:CONSOLE(827)] "Uncaught ReferenceError: play is not defined", source: https://tpc.googlesyndication.com/sadbundle/$csp%3Der3%26dns%3Doff$/14985307855921263592/BanICMarkets_728x90_290517.js (827)
[0319/165053.875:INFO:CONSOLE(420)] "Uncaught ReferenceError: play is not defined", source: https://tpc.googlesyndication.com/sadbundle/$csp%3Der3%26dns%3Doff$/14985307855921263592/BanICMarkets_728x90_290517.js (420)
[0319/165054.357:INFO:CONSOLE(723)] "Uncaught ReferenceError: play is not defined", source: https://tpc.googlesyndication.com/sadbundle/$csp%3Der3%26dns%3Doff$/14985307855921263592/BanICMarkets_728x90_290517.js (723)
[0319/165056.372:INFO:CONSOLE(723)] "Uncaught ReferenceError: play is not defined", source: https://tpc.googlesyndication.com/sadbundle/$csp%3Der3%26dns%3Doff$/14985307855921263592/BanICMarkets_728x90_290517.js (723)
[0319/165056.412:INFO:CONSOLE(420)] "Uncaught ReferenceError: play is not defined", source: https://tpc.googlesyndication.com/sadbundle/$csp%3Der3%26dns%3Doff$/14985307855921263592/BanICMarkets_728x90_290517.js (420)
[0319/165057.709:INFO:CONSOLE(723)] "Uncaught ReferenceError: play is not defined", source: https://tpc.googlesyndication.com/sadbundle/$csp%3Der3%26dns%3Doff$/14985307855921263592/BanICMarkets_728x90_290517.js (723)
[0319/165059.389:INFO:CONSOLE(723)] "Uncaught ReferenceError: play is not defined", source: https://tpc.googlesyndication.com/sadbundle/$csp%3Der3%26dns%3Doff$/14985307855921263592/BanICMarkets_728x90_290517.js (723)
[0319/165100.977:INFO:CONSOLE(723)] "Uncaught ReferenceError: play is not defined", source: https://tpc.googlesyndication.com/sadbundle/$csp%3Der3%26dns%3Doff$/14985307855921263592/BanICMarkets_728x90_290517.js (723)
[0319/165102.347:INFO:CONSOLE(723)] "Uncaught ReferenceError: play is not defined", source: https://tpc.googlesyndication.com/sadbundle/$csp%3Der3%26dns%3Doff$/14985307855921263592/BanICMarkets_728x90_290517.js (723)
[0319/165103.755:INFO:CONSOLE(723)] "Uncaught ReferenceError: play is not defined", source: https://tpc.googlesyndication.com/sadbundle/$csp%3Der3%26dns%3Doff$/14985307855921263592/BanICMarkets_728x90_290517.js (723)
[0319/170958.475:INFO:CONSOLE(723)] "Uncaught ReferenceError: play is not defined", source: https://tpc.googlesyndication.com/sadbundle/$csp%3Der3%26dns%3Doff$/14985307855921263592/BanICMarkets_728x90_290517.js (723)
[0319/171255.230:WARNING:angle_platform_impl.cc(51)] rx::HLSLCompiler::compileToBinary(228): 
C:\fakepath(96,32-88): warning X3571: pow(f, e) will not work for negative f, use abs(f) or conditionally handle negative values if you expect them

[0319/171255.279:WARNING:angle_platform_impl.cc(51)] rx::HLSLCompiler::compileToBinary(228): 
C:\fakepath(199,32-88): warning X3571: pow(f, e) will not work for negative f, use abs(f) or conditionally handle negative values if you expect them
C:\fakepath(200,32-88): warning X3571: pow(f, e) will not work for negative f, use abs(f) or conditionally handle negative values if you expect them

[0319/171556.005:WARNING:spdy_session.cc(2914)] Received HEADERS for invalid stream 149
[0319/171556.035:WARNING:spdy_session.cc(2914)] Received HEADERS for invalid stream 147
[0319/171556.037:WARNING:spdy_session.cc(2914)] Received HEADERS for invalid stream 137
[0319/171556.041:WARNING:spdy_session.cc(2914)] Received HEADERS for invalid stream 111
[0319/171556.357:WARNING:spdy_session.cc(2914)] Received HEADERS for invalid stream 169
[0319/171642.306:WARNING:spdy_session.cc(2914)] Received HEADERS for invalid stream 69
[0319/171642.313:WARNING:spdy_session.cc(2914)] Received HEADERS for invalid stream 75
[0319/171642.332:WARNING:spdy_session.cc(2914)] Received HEADERS for invalid stream 73
[0319/171642.357:WARNING:spdy_session.cc(2914)] Received HEADERS for invalid stream 79
[0319/171642.358:WARNING:spdy_session.cc(2914)] Received HEADERS for invalid stream 77
[0319/171642.359:WARNING:spdy_session.cc(2914)] Received HEADERS for invalid stream 81
[0319/171642.365:WARNING:spdy_session.cc(2914)] Received HEADERS for invalid stream 83
[0319/171642.386:WARNING:spdy_session.cc(2914)] Received HEADERS for invalid stream 87
[0319/171642.394:WARNING:spdy_session.cc(2914)] Received HEADERS for invalid stream 85
[0319/171642.409:WARNING:spdy_session.cc(2914)] Received HEADERS for invalid stream 89
[0319/171642.410:WARNING:spdy_session.cc(2914)] Received HEADERS for invalid stream 91
[0319/171642.416:WARNING:spdy_session.cc(2914)] Received HEADERS for invalid stream 93
[0319/171642.423:WARNING:spdy_session.cc(2914)] Received HEADERS for invalid stream 99
[0319/171642.431:WARNING:spdy_session.cc(2914)] Received HEADERS for invalid stream 97
[0319/171642.441:WARNING:spdy_session.cc(2914)] Received HEADERS for invalid stream 95
[0319/171642.443:WARNING:spdy_session.cc(2914)] Received HEADERS for invalid stream 101
[0319/171642.443:WARNING:spdy_session.cc(2914)] Received HEADERS for invalid stream 103
[0319/171642.462:WARNING:spdy_session.cc(2914)] Received HEADERS for invalid stream 105
[0319/171642.463:WARNING:spdy_session.cc(2914)] Received HEADERS for invalid stream 107
[0319/171642.473:WARNING:spdy_session.cc(2914)] Received HEADERS for invalid stream 117
[0319/171642.491:WARNING:spdy_session.cc(2914)] Received HEADERS for invalid stream 115
[0319/171642.512:WARNING:spdy_session.cc(2914)] Received HEADERS for invalid stream 113
[0319/171642.533:WARNING:spdy_session.cc(2914)] Received HEADERS for invalid stream 111
[0319/171642.536:WARNING:spdy_session.cc(2914)] Received HEADERS for invalid stream 109
[0319/171642.551:WARNING:spdy_session.cc(2914)] Received HEADERS for invalid stream 127
[0319/171642.554:WARNING:spdy_session.cc(2914)] Received HEADERS for invalid stream 125
[0319/171642.565:WARNING:spdy_session.cc(2914)] Received HEADERS for invalid stream 123
[0319/171642.578:WARNING:spdy_session.cc(2914)] Received HEADERS for invalid stream 121
[0319/171642.589:WARNING:spdy_session.cc(2914)] Received HEADERS for invalid stream 119
[0319/171853.875:WARNING:spdy_session.cc(2914)] Received HEADERS for invalid stream 207
[0319/171853.885:WARNING:spdy_session.cc(2914)] Received HEADERS for invalid stream 213
[0319/171853.886:WARNING:spdy_session.cc(2914)] Received HEADERS for invalid stream 215
[0319/171935.133:WARNING:spdy_session.cc(2914)] Received HEADERS for invalid stream 99
[0319/171935.152:WARNING:spdy_session.cc(2914)] Received HEADERS for invalid stream 101
[0319/171935.162:WARNING:spdy_session.cc(2914)] Received HEADERS for invalid stream 111
[0319/171935.175:WARNING:spdy_session.cc(2914)] Received HEADERS for invalid stream 109
[0319/171935.185:WARNING:spdy_session.cc(2914)] Received HEADERS for invalid stream 107
[0319/171935.196:WARNING:spdy_session.cc(2914)] Received HEADERS for invalid stream 105
[0319/171935.215:WARNING:spdy_session.cc(2914)] Received HEADERS for invalid stream 103
[0319/171948.625:WARNING:spdy_session.cc(2914)] Received HEADERS for invalid stream 205
[0319/171948.805:ERROR:broker_win.cc(138)] Error sending sync broker message
[0319/172020.319:WARNING:spdy_session.cc(2914)] Received HEADERS for invalid stream 221
[0319/172031.010:WARNING:spdy_session.cc(2914)] Received HEADERS for invalid stream 5
[0319/172031.017:WARNING:spdy_session.cc(2914)] Received HEADERS for invalid stream 9
[0319/172031.020:WARNING:spdy_session.cc(2914)] Received HEADERS for invalid stream 7
[0319/172031.023:WARNING:spdy_session.cc(2914)] Received HEADERS for invalid stream 11
[0319/172031.033:WARNING:spdy_session.cc(2914)] Received HEADERS for invalid stream 13
[0319/172823.696:INFO:CONSOLE(0)] "Mixed Content: The page at 'https://www.google.com/maps?q=tr%C6%B0%E1%BB%9Dng+%C4%91%E1%BA%A1i+h%E1%BB%8Dc+c%C3%B4ng+ngh%E1%BB%87+th%C3%B4ng+tin' was loaded over HTTPS, but requested an insecure image 'http://lh3.googleusercontent.com/proxy/Z6bZaWrYfL-eKaMNSkyGK_3XrJNqLdGJCw43-EvAU0fAniqvb968QoIoPZLFrUx0D5vgReUqY0g7PpIwR82RZPiTfZ7iCVrL6DEaUX5PwuhW4G5blkJQQ282xDvL-yCYE7hfaas_CB-cscg9I_Sd5Kb5K8WUS_o=w72-h72-p-k-no'. This content should also be served over HTTPS.", source: https://www.google.com/maps?q=tr%C6%B0%E1%BB%9Dng+%C4%91%E1%BA%A1i+h%E1%BB%8Dc+c%C3%B4ng+ngh%E1%BB%87+th%C3%B4ng+tin (0)
[0319/172823.698:INFO:CONSOLE(0)] "Mixed Content: The page at 'https://www.google.com/maps?q=tr%C6%B0%E1%BB%9Dng+%C4%91%E1%BA%A1i+h%E1%BB%8Dc+c%C3%B4ng+ngh%E1%BB%87+th%C3%B4ng+tin' was loaded over HTTPS, but requested an insecure image 'http://lh5.googleusercontent.com/proxy/US9vIBQcH0J9pOwx2qXcelpkaXnP5a3VQrfGnWsIM-FB9VPI0mLgjPkcvwI42BJ7JDXpsRsCEfTykmvNRv6GPtcCIvnJHbr3-LEbcCOigKoJkBnLeI1jHumZYL-gDRUFChUi4kSPyKiMqPlhwN2DEOqWJk5rGw=w72-h72-p-k-no'. This content should also be served over HTTPS.", source: https://www.google.com/maps?q=tr%C6%B0%E1%BB%9Dng+%C4%91%E1%BA%A1i+h%E1%BB%8Dc+c%C3%B4ng+ngh%E1%BB%87+th%C3%B4ng+tin (0)
[0319/172823.698:INFO:CONSOLE(0)] "Mixed Content: The page at 'https://www.google.com/maps?q=tr%C6%B0%E1%BB%9Dng+%C4%91%E1%BA%A1i+h%E1%BB%8Dc+c%C3%B4ng+ngh%E1%BB%87+th%C3%B4ng+tin' was loaded over HTTPS, but requested an insecure image 'http://lh5.googleusercontent.com/proxy/11f0npdF8Wpc4IAcfuFuDMx454KeqiyqCAe0IBFwraD6aBSyjaOfoXoLybGOmz72Oa2IGSar6YWpG_QO3e7MuPf4quwj1Ry0ub1tfBLIs0BAh0JirrVv2BUu5nISji89DRTC3Rzd9MsG_6MW7NJvLz_kT6TQ0g=w72-h72-p-k-no'. This content should also be served over HTTPS.", source: https://www.google.com/maps?q=tr%C6%B0%E1%BB%9Dng+%C4%91%E1%BA%A1i+h%E1%BB%8Dc+c%C3%B4ng+ngh%E1%BB%87+th%C3%B4ng+tin (0)
[0319/172823.700:INFO:CONSOLE(0)] "Mixed Content: The page at 'https://www.google.com/maps?q=tr%C6%B0%E1%BB%9Dng+%C4%91%E1%BA%A1i+h%E1%BB%8Dc+c%C3%B4ng+ngh%E1%BB%87+th%C3%B4ng+tin' was loaded over HTTPS, but requested an insecure image 'http://lh3.googleusercontent.com/proxy/GWETP2EDTBnbW6qIhIg_3kfwYrT6BkpHQ9-_OBvag7Xh7H9mY7goSBn-FSxB0nkicv_a-4L0Hy_nBSrXdQGO1UTb1m48-gjh-oY4Bmwqxtc41SnzTyL7kpWDV3osBEk2ASWTQ_ko07JlbExneuEXPDFYiLTzCw=w72-h72-p-k-no'. This content should also be served over HTTPS.", source: https://www.google.com/maps?q=tr%C6%B0%E1%BB%9Dng+%C4%91%E1%BA%A1i+h%E1%BB%8Dc+c%C3%B4ng+ngh%E1%BB%87+th%C3%B4ng+tin (0)
[0319/172912.105:WARNING:spdy_session.cc(2914)] Received HEADERS for invalid stream 951
[0319/173224.959:WARNING:spdy_session.cc(2914)] Received HEADERS for invalid stream 183
[0319/173224.974:WARNING:spdy_session.cc(2914)] Received HEADERS for invalid stream 185
[0319/173224.985:WARNING:spdy_session.cc(2914)] Received HEADERS for invalid stream 187
[0319/173224.997:WARNING:spdy_session.cc(2914)] Received HEADERS for invalid stream 189
[0319/173225.006:WARNING:spdy_session.cc(2914)] Received HEADERS for invalid stream 195
[0319/173225.018:WARNING:spdy_session.cc(2914)] Received HEADERS for invalid stream 193
[0319/173225.019:WARNING:spdy_session.cc(2914)] Received HEADERS for invalid stream 191
[0319/173225.042:WARNING:spdy_session.cc(2914)] Received HEADERS for invalid stream 197
[0319/173234.148:ERROR:gles2_cmd_decoder.cc(9875)] [.Offscreen-For-WebGL-00000261BA84C050]RENDER WARNING: there is no texture bound to the unit 0
[0319/173234.150:ERROR:gles2_cmd_decoder.cc(9875)] [.Offscreen-For-WebGL-00000261BA84C050]RENDER WARNING: there is no texture bound to the unit 0
[0319/173234.178:INFO:CONSOLE(4153)] "WebGL: INVALID_OPERATION: bindBuffer: attempt to bind a deleted buffer", source: /maps/_/js/k=maps.m.en.KOcYpp4DG5k.O/m=vwr,vd,a,owc,ob,sp,en,smi,sc,vlg,log,smr,as,wrc/rt=j/d=1/ed=1/exm=sc2,per,mo,lp,ti,ds,stx,bom,b/rs=ACT90oERJGIrL1y0QNws0GnMCeDziofVSQ (4153)
[0319/173234.179:INFO:CONSOLE(4153)] "WebGL: INVALID_OPERATION: bindBuffer: attempt to bind a deleted buffer", source: /maps/_/js/k=maps.m.en.KOcYpp4DG5k.O/m=vwr,vd,a,owc,ob,sp,en,smi,sc,vlg,log,smr,as,wrc/rt=j/d=1/ed=1/exm=sc2,per,mo,lp,ti,ds,stx,bom,b/rs=ACT90oERJGIrL1y0QNws0GnMCeDziofVSQ (4153)
[0319/173234.184:INFO:CONSOLE(4153)] "WebGL: INVALID_OPERATION: bindBuffer: attempt to bind a deleted buffer", source: /maps/_/js/k=maps.m.en.KOcYpp4DG5k.O/m=vwr,vd,a,owc,ob,sp,en,smi,sc,vlg,log,smr,as,wrc/rt=j/d=1/ed=1/exm=sc2,per,mo,lp,ti,ds,stx,bom,b/rs=ACT90oERJGIrL1y0QNws0GnMCeDziofVSQ (4153)
[0319/173234.185:INFO:CONSOLE(4153)] "WebGL: INVALID_OPERATION: bindBuffer: attempt to bind a deleted buffer", source: /maps/_/js/k=maps.m.en.KOcYpp4DG5k.O/m=vwr,vd,a,owc,ob,sp,en,smi,sc,vlg,log,smr,as,wrc/rt=j/d=1/ed=1/exm=sc2,per,mo,lp,ti,ds,stx,bom,b/rs=ACT90oERJGIrL1y0QNws0GnMCeDziofVSQ (4153)
[0319/173234.186:INFO:CONSOLE(4153)] "WebGL: INVALID_OPERATION: bindBuffer: attempt to bind a deleted buffer", source: /maps/_/js/k=maps.m.en.KOcYpp4DG5k.O/m=vwr,vd,a,owc,ob,sp,en,smi,sc,vlg,log,smr,as,wrc/rt=j/d=1/ed=1/exm=sc2,per,mo,lp,ti,ds,stx,bom,b/rs=ACT90oERJGIrL1y0QNws0GnMCeDziofVSQ (4153)
[0319/173234.187:INFO:CONSOLE(4153)] "WebGL: INVALID_OPERATION: bindBuffer: attempt to bind a deleted buffer", source: /maps/_/js/k=maps.m.en.KOcYpp4DG5k.O/m=vwr,vd,a,owc,ob,sp,en,smi,sc,vlg,log,smr,as,wrc/rt=j/d=1/ed=1/exm=sc2,per,mo,lp,ti,ds,stx,bom,b/rs=ACT90oERJGIrL1y0QNws0GnMCeDziofVSQ (4153)
[0319/173234.189:INFO:CONSOLE(4153)] "WebGL: INVALID_OPERATION: bindBuffer: attempt to bind a deleted buffer", source: /maps/_/js/k=maps.m.en.KOcYpp4DG5k.O/m=vwr,vd,a,owc,ob,sp,en,smi,sc,vlg,log,smr,as,wrc/rt=j/d=1/ed=1/exm=sc2,per,mo,lp,ti,ds,stx,bom,b/rs=ACT90oERJGIrL1y0QNws0GnMCeDziofVSQ (4153)
[0319/173234.191:INFO:CONSOLE(4153)] "WebGL: INVALID_OPERATION: bindBuffer: attempt to bind a deleted buffer", source: /maps/_/js/k=maps.m.en.KOcYpp4DG5k.O/m=vwr,vd,a,owc,ob,sp,en,smi,sc,vlg,log,smr,as,wrc/rt=j/d=1/ed=1/exm=sc2,per,mo,lp,ti,ds,stx,bom,b/rs=ACT90oERJGIrL1y0QNws0GnMCeDziofVSQ (4153)
[0319/173234.304:INFO:CONSOLE(0)] "[.Offscreen-For-WebGL-00000261BA84C050]RENDER WARNING: there is no texture bound to the unit 0", source: https://www.google.com/maps/@10.8765576,106.7952166,14.75z (0)
[0319/173234.307:INFO:CONSOLE(0)] "[.Offscreen-For-WebGL-00000261BA84C050]RENDER WARNING: there is no texture bound to the unit 0", source: https://www.google.com/maps/@10.8765576,106.7952166,14.75z (0)
[0319/173238.828:WARNING:spdy_session.cc(2914)] Received HEADERS for invalid stream 153
[0319/173416.051:WARNING:spdy_session.cc(2914)] Received HEADERS for invalid stream 209
[0319/173450.274:WARNING:spdy_session.cc(2914)] Received HEADERS for invalid stream 293
[0319/173544.062:WARNING:spdy_session.cc(2914)] Received HEADERS for invalid stream 205
[0319/173544.071:WARNING:spdy_session.cc(2914)] Received HEADERS for invalid stream 203
[0319/173544.071:WARNING:spdy_session.cc(2914)] Received HEADERS for invalid stream 201
[0319/173544.092:WARNING:spdy_session.cc(2914)] Received HEADERS for invalid stream 199
[0319/173544.115:WARNING:spdy_session.cc(2914)] Received HEADERS for invalid stream 191
[0319/173544.126:WARNING:spdy_session.cc(2914)] Received HEADERS for invalid stream 189
[0319/173544.153:WARNING:spdy_session.cc(2914)] Received HEADERS for invalid stream 197
[0319/173544.163:WARNING:spdy_session.cc(2914)] Received HEADERS for invalid stream 195
[0319/173544.182:WARNING:spdy_session.cc(2914)] Received HEADERS for invalid stream 193
[0319/173544.205:WARNING:spdy_session.cc(2914)] Received HEADERS for invalid stream 187
[0319/173558.500:ERROR:broker_win.cc(138)] Error sending sync broker message
